<?xml version="1.0" encoding="UTF-8"?>
<testsuite xmlns:xsi="http://www.w3.org/2001/XMLSchema-instance" xsi:noNamespaceSchemaLocation="https://maven.apache.org/surefire/maven-surefire-plugin/xsd/surefire-test-report.xsd" name="cucumberOptions.MyTestRunner" time="38.412" tests="1" errors="0" skipped="0" failures="1">
  <properties>
[...]
</properties>
  <testcase name="null on cucumberOptions.MyTestRunner" classname="cucumberOptions.MyTestRunner" time="38.324">
    <failure message="javax.net.ssl.SSLHandshakeException: sun.security.validator.ValidatorException: PKIX path building failed: sun.security.provider.certpath.SunCertPathBuilderException: unable to find valid certification path to requested target" type="java.lang.RuntimeException">java.lang.RuntimeException: javax.net.ssl.SSLHandshakeException: sun.security.validator.ValidatorException: PKIX path building failed: sun.security.provider.certpath.SunCertPathBuilderException: unable to find valid certification path to requested target
Caused by: javax.net.ssl.SSLHandshakeException: sun.security.validator.ValidatorException: PKIX path building failed: sun.security.provider.certpath.SunCertPathBuilderException: unable to find valid certification path to requested target
Caused by: sun.security.validator.ValidatorException: PKIX path building failed: sun.security.provider.certpath.SunCertPathBuilderException: unable to find valid certification path to requested target
Caused by: sun.security.provider.certpath.SunCertPathBuilderException: unable to find valid certification path to requested target
</failure>
    <system-out><![CDATA[
Scenario: Verify Dashboard Page Header Label                 # src/test/resources/com/features/Dashboard.feature:10
  Given : User is already on DashBoardPage using Password    # stepDefinitions.DashboardPageSteps._user_is_already_on_dashboardpage_using_password(io.cucumber.datatable.DataTable)
User is on Dashboard Page
  Given User is on Dashboard Page                            # stepDefinitions.DashboardPageSteps.user_is_on_dashboard_page()
  When User check the Header Label of Dashboard Page         # stepDefinitions.DashboardPageSteps.user_check_the_header_label_of_dashboard_page()
  Then Verify the Header Label of Dashboard Page "Dashboard" # stepDefinitions.DashboardPageSteps.verify_the_header_label_of_dashboard_page_something(java.lang.String)

Scenario: Verify the Number of Cards                      # src/test/resources/com/features/Dashboard.feature:16
  Given : User is already on DashBoardPage using Password # stepDefinitions.DashboardPageSteps._user_is_already_on_dashboardpage_using_password(io.cucumber.datatable.DataTable)
User is on Dashboard Page
  Given User is on Dashboard Page                         # stepDefinitions.DashboardPageSteps.user_is_on_dashboard_page()
Needs to be developed
  When User check the number of Cards                     # stepDefinitions.DashboardPageSteps.user_check_the_number_of_cards()
  Then Verify the following Cards as shown                # stepDefinitions.DashboardPageSteps.verify_the_following_cards_as_shown()
      io.cucumber.core.exception.CucumberException: Step [^Verify the following Cards as shown$] is defined with 0 parameters at 'stepDefinitions.DashboardPageSteps.verify_the_following_cards_as_shown()'.
However, the gherkin step has 1 arguments:
 * Table:
      | My active subscriptions |
      | Upcoming renewals       |
      | My trials / evals       |
      | My credits              |
      | Expired subscriptions   |

Step text: Verify the following Cards as shown
	at io.cucumber.core.runner.PickleStepDefinitionMatch.arityMismatch(PickleStepDefinitionMatch.java:83)
	at io.cucumber.core.runner.PickleStepDefinitionMatch.runStep(PickleStepDefinitionMatch.java:42)
	at io.cucumber.core.runner.ExecutionMode$1.execute(ExecutionMode.java:10)
	at io.cucumber.core.runner.TestStep.executeStep(TestStep.java:92)
	at io.cucumber.core.runner.TestStep.run(TestStep.java:64)
	at io.cucumber.core.runner.PickleStepTestStep.run(PickleStepTestStep.java:51)
	at io.cucumber.core.runner.TestCase.run(TestCase.java:104)
	at io.cucumber.core.runner.Runner.runPickle(Runner.java:71)
	at io.cucumber.junit.PickleRunners$NoStepDescriptions.run(PickleRunners.java:151)
	at io.cucumber.junit.FeatureRunner.runChild(FeatureRunner.java:135)
	at io.cucumber.junit.FeatureRunner.runChild(FeatureRunner.java:27)
	at org.junit.runners.ParentRunner$4.run(ParentRunner.java:331)
	at org.junit.runners.ParentRunner$1.schedule(ParentRunner.java:79)
	at org.junit.runners.ParentRunner.runChildren(ParentRunner.java:329)
	at org.junit.runners.ParentRunner.access$100(ParentRunner.java:66)
	at org.junit.runners.ParentRunner$2.evaluate(ParentRunner.java:293)
	at org.junit.runners.ParentRunner$3.evaluate(ParentRunner.java:306)
	at org.junit.runners.ParentRunner.run(ParentRunner.java:413)
	at io.cucumber.junit.Cucumber.runChild(Cucumber.java:199)
	at io.cucumber.junit.Cucumber.runChild(Cucumber.java:90)
	at org.junit.runners.ParentRunner$4.run(ParentRunner.java:331)
	at org.junit.runners.ParentRunner$1.schedule(ParentRunner.java:79)
	at org.junit.runners.ParentRunner.runChildren(ParentRunner.java:329)
	at org.junit.runners.ParentRunner.access$100(ParentRunner.java:66)
	at org.junit.runners.ParentRunner$2.evaluate(ParentRunner.java:293)
	at io.cucumber.junit.Cucumber$RunCucumber.evaluate(Cucumber.java:234)
	at org.junit.runners.ParentRunner$3.evaluate(ParentRunner.java:306)
	at org.junit.runners.ParentRunner.run(ParentRunner.java:413)
	at org.junit.runner.JUnitCore.run(JUnitCore.java:137)
	at org.junit.runner.JUnitCore.run(JUnitCore.java:115)
	at org.testng.junit.JUnit4TestRunner.start(JUnit4TestRunner.java:82)
	at org.testng.junit.JUnit4TestRunner.run(JUnit4TestRunner.java:70)
	at org.testng.TestRunner$1.run(TestRunner.java:570)
	at org.testng.TestRunner.runJUnitWorkers(TestRunner.java:717)
	at org.testng.TestRunner.privateRunJUnit(TestRunner.java:601)
	at org.testng.TestRunner.run(TestRunner.java:502)
	at org.testng.SuiteRunner.runTest(SuiteRunner.java:455)
	at org.testng.SuiteRunner.runSequentially(SuiteRunner.java:450)
	at org.testng.SuiteRunner.privateRun(SuiteRunner.java:415)
	at org.testng.SuiteRunner.run(SuiteRunner.java:364)
	at org.testng.SuiteRunnerWorker.runSuite(SuiteRunnerWorker.java:52)
	at org.testng.SuiteRunnerWorker.run(SuiteRunnerWorker.java:84)
	at org.testng.TestNG.runSuitesSequentially(TestNG.java:1208)
	at org.testng.TestNG.runSuitesLocally(TestNG.java:1137)
	at org.testng.TestNG.runSuites(TestNG.java:1049)
	at org.testng.TestNG.run(TestNG.java:1017)
	at org.apache.maven.surefire.testng.TestNGExecutor.run(TestNGExecutor.java:135)
	at org.apache.maven.surefire.testng.TestNGDirectoryTestSuite.executeSingleClass(TestNGDirectoryTestSuite.java:112)
	at org.apache.maven.surefire.testng.TestNGDirectoryTestSuite.execute(TestNGDirectoryTestSuite.java:99)
	at org.apache.maven.surefire.testng.TestNGProvider.invoke(TestNGProvider.java:146)
	at org.apache.maven.surefire.booter.ForkedBooter.invokeProviderInSameClassLoader(ForkedBooter.java:384)
	at org.apache.maven.surefire.booter.ForkedBooter.runSuitesInProcess(ForkedBooter.java:345)
	at org.apache.maven.surefire.booter.ForkedBooter.execute(ForkedBooter.java:126)
	at org.apache.maven.surefire.booter.ForkedBooter.main(ForkedBooter.java:418)

  And Verify the Cards Count as 5                         # stepDefinitions.DashboardPageSteps.verify_the_cards_count()

    Embedding Verify_the_Number_of_Cards [image/png 98052 bytes]


Scenario: Verify Feature service Label is showing or not                                    # src/test/resources/com/features/Dashboard.feature:29
  Given : User is already on DashBoardPage using Password                                   # stepDefinitions.DashboardPageSteps._user_is_already_on_dashboardpage_using_password(io.cucumber.datatable.DataTable)
User is on Dashboard Page
  Given User is on Dashboard Page                                                           # stepDefinitions.DashboardPageSteps.user_is_on_dashboard_page()
  When User check the Feature Services                                                      # stepDefinitions.DashboardPageSteps.user_check_the_feature_services()
  Then Verify Features services section is showing or not with Label as "Featured Services" # stepDefinitions.DashboardPageSteps.verify_features_services_section_is_showing_or_not_with_label_as_something(java.lang.String)

Scenario: Verify User is able to do Login                                    # src/test/resources/com/features/Login.feature:3
  Given : User is on Login Page                                              # stepDefinitions.LoginPageSteps._user_is_on_login_page()
  When : User enters Password as "HPECloudSTC2021"                           # stepDefinitions.LoginPageSteps._user_enters_password_as_something(java.lang.String)
  And : User click on Submit                                                 # stepDefinitions.LoginPageSteps._user_click_on_submit()
  Then : User lands to Dashboard Page with expected title as "HPE GreenLake" # stepDefinitions.LoginPageSteps._user_lands_to_dashboard_page_with_expected_title_as_something(java.lang.String)
]]></system-out>
    <system-err><![CDATA[SLF4J: Failed to load class "org.slf4j.impl.StaticLoggerBinder".
SLF4J: Defaulting to no-operation (NOP) logger implementation
SLF4J: See http://www.slf4j.org/codes.html#StaticLoggerBinder for further details.
Starting ChromeDriver 95.0.4638.69 (6a1600ed572fedecd573b6c2b90a22fe6392a410-refs/branch-heads/4638@{#984}) on port 16991
Only local connections are allowed.
Please see https://chromedriver.chromium.org/security-considerations for suggestions on keeping ChromeDriver safe.
ChromeDriver was started successfully.
Dec 02, 2021 11:58:30 AM org.openqa.selenium.remote.ProtocolHandshake createSession
INFO: Detected dialect: W3C
Starting ChromeDriver 95.0.4638.69 (6a1600ed572fedecd573b6c2b90a22fe6392a410-refs/branch-heads/4638@{#984}) on port 9057
Only local connections are allowed.
Please see https://chromedriver.chromium.org/security-considerations for suggestions on keeping ChromeDriver safe.
ChromeDriver was started successfully.
Dec 02, 2021 11:58:39 AM org.openqa.selenium.remote.ProtocolHandshake createSession
INFO: Detected dialect: W3C
Starting ChromeDriver 95.0.4638.69 (6a1600ed572fedecd573b6c2b90a22fe6392a410-refs/branch-heads/4638@{#984}) on port 19580
Only local connections are allowed.
Please see https://chromedriver.chromium.org/security-considerations for suggestions on keeping ChromeDriver safe.
ChromeDriver was started successfully.
Dec 02, 2021 11:58:49 AM org.openqa.selenium.remote.ProtocolHandshake createSession
INFO: Detected dialect: W3C
Starting ChromeDriver 95.0.4638.69 (6a1600ed572fedecd573b6c2b90a22fe6392a410-refs/branch-heads/4638@{#984}) on port 33613
Only local connections are allowed.
Please see https://chromedriver.chromium.org/security-considerations for suggestions on keeping ChromeDriver safe.
ChromeDriver was started successfully.
Dec 02, 2021 11:58:57 AM org.openqa.selenium.remote.ProtocolHandshake createSession
INFO: Detected dialect: W3C
]]></system-err>
  </testcase>
</testsuite>